samples/tutorial-1-camerapreview/build/outputs/logs/manifest-merger-debug-report.txt
-- Merging decision tree log ---
manifest
ADDED from samples/tutorial-1-camerapreview/AndroidManifest.xml:2:1-35:12
INJECTED from samples/tutorial-1-camerapreview/AndroidManifest.xml:2:1-35:12
INJECTED from samples/tutorial-1-camerapreview/AndroidManifest.xml:2:1-35:12
INJECTED from samples/tutorial-1-camerapreview/AndroidManifest.xml:2:1-35:12
MERGED from [:opencv] AndroidManifest.xml:2:1-11:12
INJECTED from samples/tutorial-1-camerapreview/AndroidManifest.xml:2:1-35:12
INJECTED from samples/tutorial-1-camerapreview/AndroidManifest.xml:2:1-35:12
INJECTED from samples/tutorial-1-camerapreview/AndroidManifest.xml:2:1-35:12
	package
		ADDED from samples/tutorial-1-camerapreview/AndroidManifest.xml:3:11-49
		INJECTED from samples/tutorial-1-camerapreview/AndroidManifest.xml
		INJECTED from samples/tutorial-1-camerapreview/AndroidManifest.xml
	android:versionName
		INJECTED from samples/tutorial-1-camerapreview/AndroidManifest.xml
		ADDED from samples/tutorial-1-camerapreview/AndroidManifest.xml:2:1-35:12
		INJECTED from samples/tutorial-1-camerapreview/AndroidManifest.xml
	android:versionCode
		INJECTED from samples/tutorial-1-camerapreview/AndroidManifest.xml
		ADDED from samples/tutorial-1-camerapreview/AndroidManifest.xml:2:1-35:12
		INJECTED from samples/tutorial-1-camerapreview/AndroidManifest.xml
	xmlns:android
		ADDED from samples/tutorial-1-camerapreview/AndroidManifest.xml:2:11-69
application
ADDED from samples/tutorial-1-camerapreview/AndroidManifest.xml:6:5-20:19
	android:label
		ADDED from samples/tutorial-1-camerapreview/AndroidManifest.xml:7:9-41
	android:icon
		ADDED from samples/tutorial-1-camerapreview/AndroidManifest.xml:8:9-38
	android:theme
		ADDED from samples/tutorial-1-camerapreview/AndroidManifest.xml:9:9-67
activity#org.opencv.samples.tutorial1.Tutorial1Activity
ADDED from samples/tutorial-1-camerapreview/AndroidManifest.xml:11:9-19:20
	android:screenOrientation
		ADDED from samples/tutorial-1-camerapreview/AndroidManifest.xml:13:19-56
	android:label
		ADDED from samples/tutorial-1-camerapreview/AndroidManifest.xml:12:19-51
	android:configChanges
		ADDED from samples/tutorial-1-camerapreview/AndroidManifest.xml:14:19-69
	android:name
		ADDED from samples/tutorial-1-camerapreview/AndroidManifest.xml:11:19-51
intent-filter#action:name:android.intent.action.MAIN+category:name:android.intent.category.LAUNCHER
ADDED from samples/tutorial-1-camerapreview/AndroidManifest.xml:15:13-18:29
action#android.intent.action.MAIN
ADDED from samples/tutorial-1-camerapreview/AndroidManifest.xml:16:17-69
	android:name
		ADDED from samples/tutorial-1-camerapreview/AndroidManifest.xml:16:25-66
category#android.intent.category.LAUNCHER
ADDED from samples/tutorial-1-camerapreview/AndroidManifest.xml:17:17-77
	android:name
		ADDED from samples/tutorial-1-camerapreview/AndroidManifest.xml:17:27-74
supports-screens
ADDED from samples/tutorial-1-camerapreview/AndroidManifest.xml:22:5-26:51
	android:largeScreens
		ADDED from samples/tutorial-1-camerapreview/AndroidManifest.xml:25:23-50
	android:smallScreens
		ADDED from samples/tutorial-1-camerapreview/AndroidManifest.xml:23:23-50
	android:normalScreens
		ADDED from samples/tutorial-1-camerapreview/AndroidManifest.xml:24:23-51
	android:resizeable
		ADDED from samples/tutorial-1-camerapreview/AndroidManifest.xml:22:23-48
	android:anyDensity
		ADDED from samples/tutorial-1-camerapreview/AndroidManifest.xml:26:23-48
uses-permission#android.permission.CAMERA
ADDED from samples/tutorial-1-camerapreview/AndroidManifest.xml:28:5-64
	android:name
		ADDED from samples/tutorial-1-camerapreview/AndroidManifest.xml:28:22-62
uses-feature#android.hardware.camera
ADDED from samples/tutorial-1-camerapreview/AndroidManifest.xml:30:5-84
	android:required
		ADDED from samples/tutorial-1-camerapreview/AndroidManifest.xml:30:58-82
	android:name
		ADDED from samples/tutorial-1-camerapreview/AndroidManifest.xml:30:19-57
uses-feature#android.hardware.camera.autofocus
ADDED from samples/tutorial-1-camerapreview/AndroidManifest.xml:31:5-94
	android:required
		ADDED from samples/tutorial-1-camerapreview/AndroidManifest.xml:31:68-92
	android:name
		ADDED from samples/tutorial-1-camerapreview/AndroidManifest.xml:31:19-67
uses-feature#android.hardware.camera.front
ADDED from samples/tutorial-1-camerapreview/AndroidManifest.xml:32:5-90
	android:required
		ADDED from samples/tutorial-1-camerapreview/AndroidManifest.xml:32:64-88
	android:name
		ADDED from samples/tutorial-1-camerapreview/AndroidManifest.xml:32:19-63
uses-feature#android.hardware.camera.front.autofocus
ADDED from samples/tutorial-1-camerapreview/AndroidManifest.xml:33:5-100
	android:required
		ADDED from samples/tutorial-1-camerapreview/AndroidManifest.xml:33:74-98
	android:name
		ADDED from samples/tutorial-1-camerapreview/AndroidManifest.xml:33:19-73
uses-sdk
INJECTED from samples/tutorial-1-camerapreview/AndroidManifest.xml reason: use-sdk injection requested
INJECTED from samples/tutorial-1-camerapreview/AndroidManifest.xml
INJECTED from samples/tutorial-1-camerapreview/AndroidManifest.xml
MERGED from [:opencv] AndroidManifest.xml:7:5-9:41
MERGED from [:opencv] AndroidManifest.xml:7:5-9:41
INJECTED from samples/tutorial-1-camerapreview/AndroidManifest.xml
INJECTED from samples/tutorial-1-camerapreview/AndroidManifest.xml
	android:targetSdkVersion
		INJECTED from samples/tutorial-1-camerapreview/AndroidManifest.xml
		ADDED from samples/tutorial-1-camerapreview/AndroidManifest.xml
		INJECTED from samples/tutorial-1-camerapreview/AndroidManifest.xml
	android:minSdkVersion
		INJECTED from samples/tutorial-1-camerapreview/AndroidManifest.xml
		ADDED from samples/tutorial-1-camerapreview/AndroidManifest.xml
		INJECTED from samples/tutorial-1-camerapreview/AndroidManifest.xml